Using pre-set license
Built from '2020.3/staging' branch; Version is '2020.3.30f1 (1fb1bf06830e) revision 2077119'; Using compiler version '192528614'; Build Type 'Release'
OS: 'Windows 10  (10.0.19044) 64bit Core' Language: 'pl' Physical Memory: 16322 MB
BatchMode: 1, IsHumanControllingUs: 0, StartBugReporterOnCrash: 0, Is64bit: 1, IsPro: 0

COMMAND LINE ARGUMENTS:
D:\Unity\2020.3.30f1\Editor\Unity.exe
-adb2
-batchMode
-noUpm
-name
AssetImportWorker0
-projectPath
D:/Projects Unity/Retro-FPS
-logFile
Logs/AssetImportWorker0.log
-srvPort
60883
Successfully changed project path to: D:/Projects Unity/Retro-FPS
D:/Projects Unity/Retro-FPS
Using Asset Import Pipeline V2.
Refreshing native plugins compatible for Editor in 29.10 ms, found 2 plugins.
Preloading 0 native plugins for Editor in 0.00 ms.
Initialize engine version: 2020.3.30f1 (1fb1bf06830e)
[Subsystems] Discovering subsystems at path D:/Unity/2020.3.30f1/Editor/Data/Resources/UnitySubsystems
[Subsystems] Discovering subsystems at path D:/Projects Unity/Retro-FPS/Assets
GfxDevice: creating device client; threaded=0
Direct3D:
    Version:  Direct3D 11.0 [level 11.1]
    Renderer: NVIDIA GeForce GTX 1660 Ti (ID=0x2182)
    Vendor:   
    VRAM:     5991 MB
    Driver:   30.0.14.9729
Initialize mono
Mono path[0] = 'D:/Unity/2020.3.30f1/Editor/Data/Managed'
Mono path[1] = 'D:/Unity/2020.3.30f1/Editor/Data/MonoBleedingEdge/lib/mono/unityjit'
Mono config path = 'D:/Unity/2020.3.30f1/Editor/Data/MonoBleedingEdge/etc'
Using monoOptions --debugger-agent=transport=dt_socket,embedding=1,server=y,suspend=n,address=127.0.0.1:56616
Begin MonoManager ReloadAssembly
Registering precompiled unity dll's ...
Register platform support module: D:/Unity/2020.3.30f1/Editor/Data/PlaybackEngines/WindowsStandaloneSupport/UnityEditor.WindowsStandalone.Extensions.dll
Registered in 0.001264 seconds.
Native extension for WindowsStandalone target not found
Refreshing native plugins compatible for Editor in 28.29 ms, found 2 plugins.
Preloading 0 native plugins for Editor in 0.00 ms.
Mono: successfully reloaded assembly
- Completed reload, in  0.553 seconds
Domain Reload Profiling:
	ReloadAssembly (553ms)
		BeginReloadAssembly (83ms)
			ExecutionOrderSort (0ms)
			DisableScriptedObjects (0ms)
			BackupInstance (0ms)
			ReleaseScriptingObjects (0ms)
			CreateAndSetChildDomain (1ms)
		EndReloadAssembly (409ms)
			LoadAssemblies (83ms)
			RebuildTransferFunctionScriptingTraits (0ms)
			SetupTypeCache (140ms)
			ReleaseScriptCaches (0ms)
			RebuildScriptCaches (28ms)
			SetupLoadedEditorAssemblies (149ms)
				LogAssemblyErrors (0ms)
				InitializePlatformSupportModulesInManaged (4ms)
				SetLoadedEditorAssemblies (0ms)
				RefreshPlugins (28ms)
				BeforeProcessingInitializeOnLoad (14ms)
				ProcessInitializeOnLoadAttributes (76ms)
				ProcessInitializeOnLoadMethodAttributes (26ms)
				AfterProcessingInitializeOnLoad (0ms)
				EditorAssembliesLoaded (0ms)
			ExecutionOrderSort2 (0ms)
			AwakeInstancesAfterBackupRestoration (0ms)
Platform modules already initialized, skipping
Registering precompiled user dll's ...
Registered in 0.003033 seconds.
Begin MonoManager ReloadAssembly
Native extension for WindowsStandalone target not found
Refreshing native plugins compatible for Editor in 0.29 ms, found 2 plugins.
Preloading 0 native plugins for Editor in 0.00 ms.
Mono: successfully reloaded assembly
- Completed reload, in  0.949 seconds
Domain Reload Profiling:
	ReloadAssembly (949ms)
		BeginReloadAssembly (164ms)
			ExecutionOrderSort (0ms)
			DisableScriptedObjects (5ms)
			BackupInstance (0ms)
			ReleaseScriptingObjects (0ms)
			CreateAndSetChildDomain (17ms)
		EndReloadAssembly (735ms)
			LoadAssemblies (116ms)
			RebuildTransferFunctionScriptingTraits (0ms)
			SetupTypeCache (257ms)
			ReleaseScriptCaches (0ms)
			RebuildScriptCaches (40ms)
			SetupLoadedEditorAssemblies (268ms)
				LogAssemblyErrors (0ms)
				InitializePlatformSupportModulesInManaged (4ms)
				SetLoadedEditorAssemblies (0ms)
				RefreshPlugins (0ms)
				BeforeProcessingInitializeOnLoad (65ms)
				ProcessInitializeOnLoadAttributes (187ms)
				ProcessInitializeOnLoadMethodAttributes (9ms)
				AfterProcessingInitializeOnLoad (2ms)
				EditorAssembliesLoaded (0ms)
			ExecutionOrderSort2 (0ms)
			AwakeInstancesAfterBackupRestoration (6ms)
Platform modules already initialized, skipping
========================================================================
Worker process is ready to serve import requests
Launched and connected shader compiler UnityShaderCompiler.exe after 0.05 seconds
Refreshing native plugins compatible for Editor in 0.28 ms, found 2 plugins.
Preloading 0 native plugins for Editor in 0.00 ms.
Unloading 1506 Unused Serialized files (Serialized files now loaded: 0)
System memory in use before: 67.8 MB.
System memory in use after: 67.9 MB.

Unloading 16 unused Assets to reduce memory usage. Loaded Objects now: 1942.
Total: 2.354600 ms (FindLiveObjects: 0.103000 ms CreateObjectMapping: 0.040700 ms MarkObjects: 2.158500 ms  DeleteObjects: 0.051800 ms)

AssetImportParameters requested are different than current active one (requested -> active):
  custom:framework-win-MediaFoundation: 216162199b28c13a410421893ffa2e32 -> 
  custom:video-decoder-ogg-theora: a1e56fd34408186e4bbccfd4996cb3dc -> 
  custom:container-muxer-webm: aa71ff27fc2769a1b78a27578f13a17b -> 
  custom:container-demuxer-webm: 4f35f7cbe854078d1ac9338744f61a02 -> 
  custom:container-demuxer-ogg: 62fdf1f143b41e24485cea50d1cbac27 -> 
  custom:video-encoder-webm-vp8: eb34c28f22e8b96e1ab97ce403110664 -> 
  custom:video-decoder-webm-vp8: 9c59270c3fd7afecdb556c50c9e8de78 -> 
  custom:audio-decoder-ogg-vorbis: bf7c407c2cedff20999df2af8eb42d56 -> 
  custom:audio-encoder-webm-vorbis: bf7c407c2cedff20999df2af8eb42d56 -> 
========================================================================
Received Import Request.
  path: Assets/_Test
  artifactKey: Guid(9bf07c464017cdb49af52460d7288b85) Importer(815301076,1909f56bfc062723c751e8b465ee728b)
Start importing Assets/_Test using Guid(9bf07c464017cdb49af52460d7288b85) Importer(815301076,1909f56bfc062723c751e8b465ee728b)  -> (artifact id: '436ee7716ce6f5ee08357336971f4062') in 0.003688 seconds 
========================================================================
Received Import Request.
  Time since last request: 7.727847 seconds.
  path: Assets/_Test/Pięta
  artifactKey: Guid(befc714510b14ad409ebe537de2b1801) Importer(815301076,1909f56bfc062723c751e8b465ee728b)
Start importing Assets/_Test/Pięta using Guid(befc714510b14ad409ebe537de2b1801) Importer(815301076,1909f56bfc062723c751e8b465ee728b)  -> (artifact id: '4e0179f601abdb7d6bdc1f093ecaade9') in 0.002188 seconds 
========================================================================
Received Import Request.
  Time since last request: 15.903539 seconds.
  path: Assets/_Test/Poniewierski
  artifactKey: Guid(855714b0f8112714ab73627390da8232) Importer(815301076,1909f56bfc062723c751e8b465ee728b)
Start importing Assets/_Test/Poniewierski using Guid(855714b0f8112714ab73627390da8232) Importer(815301076,1909f56bfc062723c751e8b465ee728b)  -> (artifact id: 'e5c869b304343abd454742a48ffae4df') in 0.002226 seconds 
========================================================================
Received Import Request.
  Time since last request: 7.547572 seconds.
  path: Assets/_Test/New Folder
  artifactKey: Guid(6c204bde1667b2443ad29eb4008c737c) Importer(815301076,1909f56bfc062723c751e8b465ee728b)
Start importing Assets/_Test/New Folder using Guid(6c204bde1667b2443ad29eb4008c737c) Importer(815301076,1909f56bfc062723c751e8b465ee728b)  -> (artifact id: '088913dc4cea0fb88006df59a53e058e') in 0.001932 seconds 
========================================================================
Received Import Request.
  Time since last request: 3.739753 seconds.
  path: Assets/_Test/Pieta
  artifactKey: Guid(befc714510b14ad409ebe537de2b1801) Importer(815301076,1909f56bfc062723c751e8b465ee728b)
Start importing Assets/_Test/Pieta using Guid(befc714510b14ad409ebe537de2b1801) Importer(815301076,1909f56bfc062723c751e8b465ee728b)  -> (artifact id: 'bd8fdc69f62834342dad7c10b7dbc1a1') in 0.001946 seconds 
========================================================================
Received Import Request.
  Time since last request: 9.010144 seconds.
  path: Assets/_Test/Socha
  artifactKey: Guid(6c204bde1667b2443ad29eb4008c737c) Importer(815301076,1909f56bfc062723c751e8b465ee728b)
Start importing Assets/_Test/Socha using Guid(6c204bde1667b2443ad29eb4008c737c) Importer(815301076,1909f56bfc062723c751e8b465ee728b)  -> (artifact id: '8bcfcc7bbaa7357acc232f39895a611f') in 0.001991 seconds 
========================================================================
Received Import Request.
  Time since last request: 7.327647 seconds.
  path: Assets/_Test/Swierczynski
  artifactKey: Guid(7f18d745d2904cc43b35a99a41b76d81) Importer(815301076,1909f56bfc062723c751e8b465ee728b)
Start importing Assets/_Test/Swierczynski using Guid(7f18d745d2904cc43b35a99a41b76d81) Importer(815301076,1909f56bfc062723c751e8b465ee728b)  -> (artifact id: 'f80a04fe25e8beb7ec86e8f69b57e6ee') in 0.002113 seconds 
========================================================================
Received Import Request.
  Time since last request: 9.770113 seconds.
  path: Assets/_Test/Papinski
  artifactKey: Guid(5da49ad93d566eb49baf7a49a9881b21) Importer(815301076,1909f56bfc062723c751e8b465ee728b)
Start importing Assets/_Test/Papinski using Guid(5da49ad93d566eb49baf7a49a9881b21) Importer(815301076,1909f56bfc062723c751e8b465ee728b)  -> (artifact id: '7958068e8398a89c876ff76edd92bd59') in 0.002481 seconds 
========================================================================
Received Import Request.
  Time since last request: 9.853623 seconds.
  path: Assets/_Test/Stopczynski
  artifactKey: Guid(af282214728870e4bba84b2c7ff85756) Importer(815301076,1909f56bfc062723c751e8b465ee728b)
Start importing Assets/_Test/Stopczynski using Guid(af282214728870e4bba84b2c7ff85756) Importer(815301076,1909f56bfc062723c751e8b465ee728b)  -> (artifact id: '19ef853b6f264951484ca2d71d3703ca') in 0.002086 seconds 
========================================================================
Received Import Request.
  Time since last request: 6.397563 seconds.
  path: Assets/_Test/Topor
  artifactKey: Guid(43e70a14baf16104fa92b57f92b2e7f7) Importer(815301076,1909f56bfc062723c751e8b465ee728b)
Start importing Assets/_Test/Topor using Guid(43e70a14baf16104fa92b57f92b2e7f7) Importer(815301076,1909f56bfc062723c751e8b465ee728b)  -> (artifact id: '07af122ed996ffafe8a1c8748c0aa329') in 0.001876 seconds 
========================================================================
Received Import Request.
  Time since last request: 3.931952 seconds.
  path: Assets/_Test/Toporek
  artifactKey: Guid(43e70a14baf16104fa92b57f92b2e7f7) Importer(815301076,1909f56bfc062723c751e8b465ee728b)
Start importing Assets/_Test/Toporek using Guid(43e70a14baf16104fa92b57f92b2e7f7) Importer(815301076,1909f56bfc062723c751e8b465ee728b)  -> (artifact id: 'a8a319050ba9766a017f90cf236535ff') in 0.017681 seconds 
========================================================================
Received Import Request.
  Time since last request: 5.948007 seconds.
  path: Assets/_Test/Zegadlo
  artifactKey: Guid(5b8e8b4de466ce442b370cc25b2b790b) Importer(815301076,1909f56bfc062723c751e8b465ee728b)
Start importing Assets/_Test/Zegadlo using Guid(5b8e8b4de466ce442b370cc25b2b790b) Importer(815301076,1909f56bfc062723c751e8b465ee728b)  -> (artifact id: '2b47b8329f76252a318ada52a84b26d5') in 0.002346 seconds 
AssetImportWorkerClient::OnTransportError - code=2 error=End of file
